# JRE version: OpenJDK Runtime Environment (8.0_152-b02) (build 1.8.0_152-release-1024-b02)
# Java VM: OpenJDK 64-Bit Server VM (25.152-b02 mixed mode windows-amd64 compressed oops)
Heap:
 PSYoungGen      total 215552K, used 176846K [0x00000000eab00000, 0x00000000fb600000, 0x0000000100000000)
  eden space 185856K, 89% used [0x00000000eab00000,0x00000000f4d77868,0x00000000f6080000)
  from space 29696K, 35% used [0x00000000f6080000,0x00000000f6abc018,0x00000000f7d80000)
  to   space 28160K, 0% used [0x00000000f9a80000,0x00000000f9a80000,0x00000000fb600000)
 ParOldGen       total 118272K, used 76114K [0x00000000c0000000, 0x00000000c7380000, 0x00000000eab00000)
  object space 118272K, 64% used [0x00000000c0000000,0x00000000c4a549c8,0x00000000c7380000)
 Metaspace       used 76295K, capacity 79108K, committed 79320K, reserved 1118208K
  class space    used 9837K, capacity 10439K, committed 10496K, reserved 1048576K
GC Heap History (10 events):
Event: 132.309 GC heap before
{Heap before GC invocations=21 (full 3):
 PSYoungGen      total 166400K, used 3069K [0x00000000eab00000, 0x00000000f6200000, 0x0000000100000000)
  eden space 155136K, 0% used [0x00000000eab00000,0x00000000eab00000,0x00000000f4280000)
  from space 11264K, 27% used [0x00000000f4d80000,0x00000000f507f7f8,0x00000000f5880000)
  to   space 11264K, 0% used [0x00000000f4280000,0x00000000f4280000,0x00000000f4d80000)
 ParOldGen       total 47104K, used 39542K [0x00000000c0000000, 0x00000000c2e00000, 0x00000000eab00000)
  object space 47104K, 83% used [0x00000000c0000000,0x00000000c269d848,0x00000000c2e00000)
 Metaspace       used 57366K, capacity 58898K, committed 59028K, reserved 1099776K
  class space    used 7800K, capacity 8172K, committed 8192K, reserved 1048576K
Event: 133.074 GC heap after
Heap after GC invocations=21 (full 3):
 PSYoungGen      total 166400K, used 0K [0x00000000eab00000, 0x00000000f6200000, 0x0000000100000000)
  eden space 155136K, 0% used [0x00000000eab00000,0x00000000eab00000,0x00000000f4280000)
  from space 11264K, 0% used [0x00000000f4d80000,0x00000000f4d80000,0x00000000f5880000)
  to   space 11264K, 0% used [0x00000000f4280000,0x00000000f4280000,0x00000000f4d80000)
 ParOldGen       total 80896K, used 38766K [0x00000000c0000000, 0x00000000c4f00000, 0x00000000eab00000)
  object space 80896K, 47% used [0x00000000c0000000,0x00000000c25dbb10,0x00000000c4f00000)
 Metaspace       used 57366K, capacity 58898K, committed 59028K, reserved 1099776K
  class space    used 7800K, capacity 8172K, committed 8192K, reserved 1048576K
}
Event: 161.641 GC heap before
{Heap before GC invocations=22 (full 3):
 PSYoungGen      total 166400K, used 155136K [0x00000000eab00000, 0x00000000f6200000, 0x0000000100000000)
  eden space 155136K, 100% used [0x00000000eab00000,0x00000000f4280000,0x00000000f4280000)
  from space 11264K, 0% used [0x00000000f4d80000,0x00000000f4d80000,0x00000000f5880000)
  to   space 11264K, 0% used [0x00000000f4280000,0x00000000f4280000,0x00000000f4d80000)
 ParOldGen       total 80896K, used 38766K [0x00000000c0000000, 0x00000000c4f00000, 0x00000000eab00000)
  object space 80896K, 47% used [0x00000000c0000000,0x00000000c25dbb10,0x00000000c4f00000)
 Metaspace       used 66580K, capacity 68894K, committed 69080K, reserved 1110016K
  class space    used 8928K, capacity 9440K, committed 9472K, reserved 1048576K
Event: 161.834 GC heap after
Heap after GC invocations=22 (full 3):
 PSYoungGen      total 166400K, used 11245K [0x00000000eab00000, 0x00000000f9800000, 0x0000000100000000)
  eden space 155136K, 0% used [0x00000000eab00000,0x00000000eab00000,0x00000000f4280000)
  from space 11264K, 99% used [0x00000000f4280000,0x00000000f4d7b6f8,0x00000000f4d80000)
  to   space 24064K, 0% used [0x00000000f8080000,0x00000000f8080000,0x00000000f9800000)
 ParOldGen       total 80896K, used 69722K [0x00000000c0000000, 0x00000000c4f00000, 0x00000000eab00000)
  object space 80896K, 86% used [0x00000000c0000000,0x00000000c4416ac0,0x00000000c4f00000)
 Metaspace       used 66580K, capacity 68894K, committed 69080K, reserved 1110016K
  class space    used 8928K, capacity 9440K, committed 9472K, reserved 1048576K
}
Event: 161.834 GC heap before
{Heap before GC invocations=23 (full 4):
 PSYoungGen      total 166400K, used 11245K [0x00000000eab00000, 0x00000000f9800000, 0x0000000100000000)
  eden space 155136K, 0% used [0x00000000eab00000,0x00000000eab00000,0x00000000f4280000)
  from space 11264K, 99% used [0x00000000f4280000,0x00000000f4d7b6f8,0x00000000f4d80000)
  to   space 24064K, 0% used [0x00000000f8080000,0x00000000f8080000,0x00000000f9800000)
 ParOldGen       total 80896K, used 69722K [0x00000000c0000000, 0x00000000c4f00000, 0x00000000eab00000)
  object space 80896K, 86% used [0x00000000c0000000,0x00000000c4416ac0,0x00000000c4f00000)
 Metaspace       used 66580K, capacity 68894K, committed 69080K, reserved 1110016K
  class space    used 8928K, capacity 9440K, committed 9472K, reserved 1048576K
Event: 162.816 GC heap after
Heap after GC invocations=23 (full 4):
 PSYoungGen      total 166400K, used 0K [0x00000000eab00000, 0x00000000f9800000, 0x0000000100000000)
  eden space 155136K, 0% used [0x00000000eab00000,0x00000000eab00000,0x00000000f4280000)
  from space 11264K, 0% used [0x00000000f4280000,0x00000000f4280000,0x00000000f4d80000)
  to   space 24064K, 0% used [0x00000000f8080000,0x00000000f8080000,0x00000000f9800000)
 ParOldGen       total 118272K, used 56253K [0x00000000c0000000, 0x00000000c7380000, 0x00000000eab00000)
  object space 118272K, 47% used [0x00000000c0000000,0x00000000c36ef5f0,0x00000000c7380000)
 Metaspace       used 66237K, capacity 68346K, committed 69080K, reserved 1110016K
  class space    used 8876K, capacity 9348K, committed 9472K, reserved 1048576K
}
Event: 178.314 GC heap before
{Heap before GC invocations=24 (full 4):
 PSYoungGen      total 166400K, used 154992K [0x00000000eab00000, 0x00000000f9800000, 0x0000000100000000)
  eden space 155136K, 99% used [0x00000000eab00000,0x00000000f425c390,0x00000000f4280000)
  from space 11264K, 0% used [0x00000000f4280000,0x00000000f4280000,0x00000000f4d80000)
  to   space 24064K, 0% used [0x00000000f8080000,0x00000000f8080000,0x00000000f9800000)
 ParOldGen       total 118272K, used 56253K [0x00000000c0000000, 0x00000000c7380000, 0x00000000eab00000)
  object space 118272K, 47% used [0x00000000c0000000,0x00000000c36ef5f0,0x00000000c7380000)
 Metaspace       used 69340K, capacity 71730K, committed 72024K, reserved 1112064K
  class space    used 9235K, capacity 9770K, committed 9856K, reserved 1048576K
Event: 178.438 GC heap after
Heap after GC invocations=24 (full 4):
 PSYoungGen      total 209920K, used 24038K [0x00000000eab00000, 0x00000000f9a80000, 0x0000000100000000)
  eden space 185856K, 0% used [0x00000000eab00000,0x00000000eab00000,0x00000000f6080000)
  from space 24064K, 99% used [0x00000000f8080000,0x00000000f97f9a50,0x00000000f9800000)
  to   space 29696K, 0% used [0x00000000f6080000,0x00000000f6080000,0x00000000f7d80000)
 ParOldGen       total 118272K, used 60399K [0x00000000c0000000, 0x00000000c7380000, 0x00000000eab00000)
  object space 118272K, 51% used [0x00000000c0000000,0x00000000c3afbe70,0x00000000c7380000)
 Metaspace       used 69340K, capacity 71730K, committed 72024K, reserved 1112064K
  class space    used 9235K, capacity 9770K, committed 9856K, reserved 1048576K
}
Event: 2573.197 GC heap before
{Heap before GC invocations=25 (full 4):
 PSYoungGen      total 209920K, used 209894K [0x00000000eab00000, 0x00000000f9a80000, 0x0000000100000000)
  eden space 185856K, 100% used [0x00000000eab00000,0x00000000f6080000,0x00000000f6080000)
  from space 24064K, 99% used [0x00000000f8080000,0x00000000f97f9a50,0x00000000f9800000)
  to   space 29696K, 0% used [0x00000000f6080000,0x00000000f6080000,0x00000000f7d80000)
 ParOldGen       total 118272K, used 60399K [0x00000000c0000000, 0x00000000c7380000, 0x00000000eab00000)
  object space 118272K, 51% used [0x00000000c0000000,0x00000000c3afbe70,0x00000000c7380000)
 Metaspace       used 75122K, capacity 77824K, committed 78040K, reserved 1116160K
  class space    used 9793K, capacity 10379K, committed 10496K, reserved 1048576K
Event: 2573.768 GC heap after
Heap after GC invocations=25 (full 4):
 PSYoungGen      total 215552K, used 10480K [0x00000000eab00000, 0x00000000fb600000, 0x0000000100000000)
  eden space 185856K, 0% used [0x00000000eab00000,0x00000000eab00000,0x00000000f6080000)
  from space 29696K, 35% used [0x00000000f6080000,0x00000000f6abc018,0x00000000f7d80000)
  to   space 28160K, 0% used [0x00000000f9a80000,0x00000000f9a80000,0x00000000fb600000)
 ParOldGen       total 118272K, used 76114K [0x00000000c0000000, 0x00000000c7380000, 0x00000000eab00000)
  object space 118272K, 64% used [0x00000000c0000000,0x00000000c4a549c8,0x00000000c7380000)
 Metaspace       used 75122K, capacity 77824K, committed 78040K, reserved 1116160K
  class space    used 9793K, capacity 10379K, committed 10496K, reserved 1048576K
}

