# JRE version: OpenJDK Runtime Environment (8.0_152-b02) (build 1.8.0_152-release-1024-b02)
# Java VM: OpenJDK 64-Bit Server VM (25.152-b02 mixed mode windows-amd64 compressed oops)
Heap:
 PSYoungGen      total 152576K, used 43652K [0x00000000eab00000, 0x00000000f6600000, 0x0000000100000000)
  eden space 139776K, 22% used [0x00000000eab00000,0x00000000ec926b58,0x00000000f3380000)
  from space 12800K, 99% used [0x00000000f4900000,0x00000000f557a898,0x00000000f5580000)
  to   space 22016K, 0% used [0x00000000f3380000,0x00000000f3380000,0x00000000f4900000)
 ParOldGen       total 83456K, used 58947K [0x00000000c0000000, 0x00000000c5180000, 0x00000000eab00000)
  object space 83456K, 70% used [0x00000000c0000000,0x00000000c3990d80,0x00000000c5180000)
 Metaspace       used 67010K, capacity 69248K, committed 69504K, reserved 1110016K
  class space    used 9009K, capacity 9531K, committed 9600K, reserved 1048576K
GC Heap History (10 events):
Event: 112.219 GC heap before
{Heap before GC invocations=17 (full 2):
 PSYoungGen      total 105472K, used 105467K [0x00000000eab00000, 0x00000000f2600000, 0x0000000100000000)
  eden space 99328K, 100% used [0x00000000eab00000,0x00000000f0c00000,0x00000000f0c00000)
  from space 6144K, 99% used [0x00000000f2000000,0x00000000f25fed38,0x00000000f2600000)
  to   space 7168K, 0% used [0x00000000f1800000,0x00000000f1800000,0x00000000f1f00000)
 ParOldGen       total 46080K, used 16801K [0x00000000c0000000, 0x00000000c2d00000, 0x00000000eab00000)
  object space 46080K, 36% used [0x00000000c0000000,0x00000000c1068448,0x00000000c2d00000)
 Metaspace       used 43200K, capacity 44114K, committed 44160K, reserved 1087488K
  class space    used 5944K, capacity 6238K, committed 6272K, reserved 1048576K
Event: 112.306 GC heap after
Heap after GC invocations=17 (full 2):
 PSYoungGen      total 118784K, used 6925K [0x00000000eab00000, 0x00000000f3780000, 0x0000000100000000)
  eden space 111616K, 0% used [0x00000000eab00000,0x00000000eab00000,0x00000000f1800000)
  from space 7168K, 96% used [0x00000000f1800000,0x00000000f1ec36d8,0x00000000f1f00000)
  to   space 7680K, 0% used [0x00000000f3000000,0x00000000f3000000,0x00000000f3780000)
 ParOldGen       total 46080K, used 21709K [0x00000000c0000000, 0x00000000c2d00000, 0x00000000eab00000)
  object space 46080K, 47% used [0x00000000c0000000,0x00000000c1533590,0x00000000c2d00000)
 Metaspace       used 43200K, capacity 44114K, committed 44160K, reserved 1087488K
  class space    used 5944K, capacity 6238K, committed 6272K, reserved 1048576K
}
Event: 127.785 GC heap before
{Heap before GC invocations=18 (full 2):
 PSYoungGen      total 118784K, used 118541K [0x00000000eab00000, 0x00000000f3780000, 0x0000000100000000)
  eden space 111616K, 100% used [0x00000000eab00000,0x00000000f1800000,0x00000000f1800000)
  from space 7168K, 96% used [0x00000000f1800000,0x00000000f1ec36d8,0x00000000f1f00000)
  to   space 7680K, 0% used [0x00000000f3000000,0x00000000f3000000,0x00000000f3780000)
 ParOldGen       total 46080K, used 21709K [0x00000000c0000000, 0x00000000c2d00000, 0x00000000eab00000)
  object space 46080K, 47% used [0x00000000c0000000,0x00000000c1533590,0x00000000c2d00000)
 Metaspace       used 50637K, capacity 52104K, committed 52224K, reserved 1093632K
  class space    used 6927K, capacity 7307K, committed 7424K, reserved 1048576K
Event: 127.863 GC heap after
Heap after GC invocations=18 (full 2):
 PSYoungGen      total 135680K, used 6938K [0x00000000eab00000, 0x00000000f4500000, 0x0000000100000000)
  eden space 128000K, 0% used [0x00000000eab00000,0x00000000eab00000,0x00000000f2800000)
  from space 7680K, 90% used [0x00000000f3000000,0x00000000f36c68a0,0x00000000f3780000)
  to   space 8192K, 0% used [0x00000000f2800000,0x00000000f2800000,0x00000000f3000000)
 ParOldGen       total 46080K, used 25083K [0x00000000c0000000, 0x00000000c2d00000, 0x00000000eab00000)
  object space 46080K, 54% used [0x00000000c0000000,0x00000000c187ede0,0x00000000c2d00000)
 Metaspace       used 50637K, capacity 52104K, committed 52224K, reserved 1093632K
  class space    used 6927K, capacity 7307K, committed 7424K, reserved 1048576K
}
Event: 157.303 GC heap before
{Heap before GC invocations=19 (full 2):
 PSYoungGen      total 135680K, used 112285K [0x00000000eab00000, 0x00000000f4500000, 0x0000000100000000)
  eden space 128000K, 82% used [0x00000000eab00000,0x00000000f11e0d38,0x00000000f2800000)
  from space 7680K, 90% used [0x00000000f3000000,0x00000000f36c68a0,0x00000000f3780000)
  to   space 8192K, 0% used [0x00000000f2800000,0x00000000f2800000,0x00000000f3000000)
 ParOldGen       total 46080K, used 25083K [0x00000000c0000000, 0x00000000c2d00000, 0x00000000eab00000)
  object space 46080K, 54% used [0x00000000c0000000,0x00000000c187ede0,0x00000000c2d00000)
 Metaspace       used 57323K, capacity 58946K, committed 59028K, reserved 1099776K
  class space    used 7788K, capacity 8166K, committed 8192K, reserved 1048576K
Event: 157.419 GC heap after
Heap after GC invocations=19 (full 2):
 PSYoungGen      total 136192K, used 8176K [0x00000000eab00000, 0x00000000f5580000, 0x0000000100000000)
  eden space 128000K, 0% used [0x00000000eab00000,0x00000000eab00000,0x00000000f2800000)
  from space 8192K, 99% used [0x00000000f2800000,0x00000000f2ffc230,0x00000000f3000000)
  to   space 12800K, 0% used [0x00000000f4900000,0x00000000f4900000,0x00000000f5580000)
 ParOldGen       total 46080K, used 34614K [0x00000000c0000000, 0x00000000c2d00000, 0x00000000eab00000)
  object space 46080K, 75% used [0x00000000c0000000,0x00000000c21cd950,0x00000000c2d00000)
 Metaspace       used 57323K, capacity 58946K, committed 59028K, reserved 1099776K
  class space    used 7788K, capacity 8166K, committed 8192K, reserved 1048576K
}
Event: 157.419 GC heap before
{Heap before GC invocations=20 (full 3):
 PSYoungGen      total 136192K, used 8176K [0x00000000eab00000, 0x00000000f5580000, 0x0000000100000000)
  eden space 128000K, 0% used [0x00000000eab00000,0x00000000eab00000,0x00000000f2800000)
  from space 8192K, 99% used [0x00000000f2800000,0x00000000f2ffc230,0x00000000f3000000)
  to   space 12800K, 0% used [0x00000000f4900000,0x00000000f4900000,0x00000000f5580000)
 ParOldGen       total 46080K, used 34614K [0x00000000c0000000, 0x00000000c2d00000, 0x00000000eab00000)
  object space 46080K, 75% used [0x00000000c0000000,0x00000000c21cd950,0x00000000c2d00000)
 Metaspace       used 57323K, capacity 58946K, committed 59028K, reserved 1099776K
  class space    used 7788K, capacity 8166K, committed 8192K, reserved 1048576K
Event: 158.286 GC heap after
Heap after GC invocations=20 (full 3):
 PSYoungGen      total 136192K, used 0K [0x00000000eab00000, 0x00000000f5580000, 0x0000000100000000)
  eden space 128000K, 0% used [0x00000000eab00000,0x00000000eab00000,0x00000000f2800000)
  from space 8192K, 0% used [0x00000000f2800000,0x00000000f2800000,0x00000000f3000000)
  to   space 12800K, 0% used [0x00000000f4900000,0x00000000f4900000,0x00000000f5580000)
 ParOldGen       total 83456K, used 38707K [0x00000000c0000000, 0x00000000c5180000, 0x00000000eab00000)
  object space 83456K, 46% used [0x00000000c0000000,0x00000000c25ccc40,0x00000000c5180000)
 Metaspace       used 57323K, capacity 58946K, committed 59028K, reserved 1099776K
  class space    used 7788K, capacity 8166K, committed 8192K, reserved 1048576K
}
Event: 184.615 GC heap before
{Heap before GC invocations=21 (full 3):
 PSYoungGen      total 136192K, used 125601K [0x00000000eab00000, 0x00000000f5580000, 0x0000000100000000)
  eden space 128000K, 98% used [0x00000000eab00000,0x00000000f25a85f8,0x00000000f2800000)
  from space 8192K, 0% used [0x00000000f2800000,0x00000000f2800000,0x00000000f3000000)
  to   space 12800K, 0% used [0x00000000f4900000,0x00000000f4900000,0x00000000f5580000)
 ParOldGen       total 83456K, used 38707K [0x00000000c0000000, 0x00000000c5180000, 0x00000000eab00000)
  object space 83456K, 46% used [0x00000000c0000000,0x00000000c25ccc40,0x00000000c5180000)
 Metaspace       used 66196K, capacity 68378K, committed 68608K, reserved 1107968K
  class space    used 8869K, capacity 9382K, committed 9472K, reserved 1048576K
Event: 184.783 GC heap after
Heap after GC invocations=21 (full 3):
 PSYoungGen      total 152576K, used 12778K [0x00000000eab00000, 0x00000000f6600000, 0x0000000100000000)
  eden space 139776K, 0% used [0x00000000eab00000,0x00000000eab00000,0x00000000f3380000)
  from space 12800K, 99% used [0x00000000f4900000,0x00000000f557a898,0x00000000f5580000)
  to   space 22016K, 0% used [0x00000000f3380000,0x00000000f3380000,0x00000000f4900000)
 ParOldGen       total 83456K, used 58947K [0x00000000c0000000, 0x00000000c5180000, 0x00000000eab00000)
  object space 83456K, 70% used [0x00000000c0000000,0x00000000c3990d80,0x00000000c5180000)
 Metaspace       used 66196K, capacity 68378K, committed 68608K, reserved 1107968K
  class space    used 8869K, capacity 9382K, committed 9472K, reserved 1048576K
}

