# JRE version: OpenJDK Runtime Environment (8.0_152-b02) (build 1.8.0_152-release-1024-b02)
# Java VM: OpenJDK 64-Bit Server VM (25.152-b02 mixed mode windows-amd64 compressed oops)
Heap:
 PSYoungGen      total 246272K, used 87689K [0x00000000eab00000, 0x00000000fc780000, 0x0000000100000000)
  eden space 214528K, 37% used [0x00000000eab00000,0x00000000ef8a3ee8,0x00000000f7c80000)
  from space 31744K, 25% used [0x00000000fa880000,0x00000000fb07e8b0,0x00000000fc780000)
  to   space 38400K, 0% used [0x00000000f7c80000,0x00000000f7c80000,0x00000000fa200000)
 ParOldGen       total 151552K, used 48241K [0x00000000c0000000, 0x00000000c9400000, 0x00000000eab00000)
  object space 151552K, 31% used [0x00000000c0000000,0x00000000c2f1c430,0x00000000c9400000)
 Metaspace       used 76312K, capacity 79166K, committed 79320K, reserved 1118208K
  class space    used 9852K, capacity 10470K, committed 10496K, reserved 1048576K
GC Heap History (10 events):
Event: 125.340 GC heap before
{Heap before GC invocations=18 (full 3):
 PSYoungGen      total 169984K, used 169976K [0x00000000eab00000, 0x00000000f7c00000, 0x0000000100000000)
  eden space 151552K, 100% used [0x00000000eab00000,0x00000000f3f00000,0x00000000f3f00000)
  from space 18432K, 99% used [0x00000000f5880000,0x00000000f6a7e1f8,0x00000000f6a80000)
  to   space 26112K, 0% used [0x00000000f3f00000,0x00000000f3f00000,0x00000000f5880000)
 ParOldGen       total 100864K, used 44478K [0x00000000c0000000, 0x00000000c6280000, 0x00000000eab00000)
  object space 100864K, 44% used [0x00000000c0000000,0x00000000c2b6fad8,0x00000000c6280000)
 Metaspace       used 70622K, capacity 73288K, committed 73432K, reserved 1112064K
  class space    used 9331K, capacity 9919K, committed 9984K, reserved 1048576K
Event: 125.550 GC heap after
Heap after GC invocations=18 (full 3):
 PSYoungGen      total 177664K, used 26105K [0x00000000eab00000, 0x00000000fb080000, 0x0000000100000000)
  eden space 151552K, 0% used [0x00000000eab00000,0x00000000eab00000,0x00000000f3f00000)
  from space 26112K, 99% used [0x00000000f3f00000,0x00000000f587e638,0x00000000f5880000)
  to   space 40960K, 0% used [0x00000000f8880000,0x00000000f8880000,0x00000000fb080000)
 ParOldGen       total 100864K, used 73383K [0x00000000c0000000, 0x00000000c6280000, 0x00000000eab00000)
  object space 100864K, 72% used [0x00000000c0000000,0x00000000c47a9db8,0x00000000c6280000)
 Metaspace       used 70622K, capacity 73288K, committed 73432K, reserved 1112064K
  class space    used 9331K, capacity 9919K, committed 9984K, reserved 1048576K
}
Event: 130.045 GC heap before
{Heap before GC invocations=19 (full 3):
 PSYoungGen      total 177664K, used 177288K [0x00000000eab00000, 0x00000000fb080000, 0x0000000100000000)
  eden space 151552K, 99% used [0x00000000eab00000,0x00000000f3ea3c60,0x00000000f3f00000)
  from space 26112K, 99% used [0x00000000f3f00000,0x00000000f587e638,0x00000000f5880000)
  to   space 40960K, 0% used [0x00000000f8880000,0x00000000f8880000,0x00000000fb080000)
 ParOldGen       total 100864K, used 73383K [0x00000000c0000000, 0x00000000c6280000, 0x00000000eab00000)
  object space 100864K, 72% used [0x00000000c0000000,0x00000000c47a9db8,0x00000000c6280000)
 Metaspace       used 72560K, capacity 75412K, committed 75480K, reserved 1114112K
  class space    used 9566K, capacity 10177K, committed 10240K, reserved 1048576K
Event: 130.214 GC heap after
Heap after GC invocations=19 (full 3):
 PSYoungGen      total 227840K, used 18411K [0x00000000eab00000, 0x00000000fb700000, 0x0000000100000000)
  eden space 186880K, 0% used [0x00000000eab00000,0x00000000eab00000,0x00000000f6180000)
  from space 40960K, 44% used [0x00000000f8880000,0x00000000f9a7afc8,0x00000000fb080000)
  to   space 39936K, 0% used [0x00000000f6180000,0x00000000f6180000,0x00000000f8880000)
 ParOldGen       total 100864K, used 91479K [0x00000000c0000000, 0x00000000c6280000, 0x00000000eab00000)
  object space 100864K, 90% used [0x00000000c0000000,0x00000000c5955d80,0x00000000c6280000)
 Metaspace       used 72560K, capacity 75412K, committed 75480K, reserved 1114112K
  class space    used 9566K, capacity 10177K, committed 10240K, reserved 1048576K
}
Event: 130.215 GC heap before
{Heap before GC invocations=20 (full 4):
 PSYoungGen      total 227840K, used 18411K [0x00000000eab00000, 0x00000000fb700000, 0x0000000100000000)
  eden space 186880K, 0% used [0x00000000eab00000,0x00000000eab00000,0x00000000f6180000)
  from space 40960K, 44% used [0x00000000f8880000,0x00000000f9a7afc8,0x00000000fb080000)
  to   space 39936K, 0% used [0x00000000f6180000,0x00000000f6180000,0x00000000f8880000)
 ParOldGen       total 100864K, used 91479K [0x00000000c0000000, 0x00000000c6280000, 0x00000000eab00000)
  object space 100864K, 90% used [0x00000000c0000000,0x00000000c5955d80,0x00000000c6280000)
 Metaspace       used 72560K, capacity 75412K, committed 75480K, reserved 1114112K
  class space    used 9566K, capacity 10177K, committed 10240K, reserved 1048576K
Event: 130.644 GC heap after
Heap after GC invocations=20 (full 4):
 PSYoungGen      total 227840K, used 0K [0x00000000eab00000, 0x00000000fb700000, 0x0000000100000000)
  eden space 186880K, 0% used [0x00000000eab00000,0x00000000eab00000,0x00000000f6180000)
  from space 40960K, 0% used [0x00000000f8880000,0x00000000f8880000,0x00000000fb080000)
  to   space 39936K, 0% used [0x00000000f6180000,0x00000000f6180000,0x00000000f8880000)
 ParOldGen       total 151552K, used 48225K [0x00000000c0000000, 0x00000000c9400000, 0x00000000eab00000)
  object space 151552K, 31% used [0x00000000c0000000,0x00000000c2f18430,0x00000000c9400000)
 Metaspace       used 72134K, capacity 74658K, committed 75480K, reserved 1114112K
  class space    used 9484K, capacity 10034K, committed 10240K, reserved 1048576K
}
Event: 131.771 GC heap before
{Heap before GC invocations=21 (full 4):
 PSYoungGen      total 227840K, used 186880K [0x00000000eab00000, 0x00000000fb700000, 0x0000000100000000)
  eden space 186880K, 100% used [0x00000000eab00000,0x00000000f6180000,0x00000000f6180000)
  from space 40960K, 0% used [0x00000000f8880000,0x00000000f8880000,0x00000000fb080000)
  to   space 39936K, 0% used [0x00000000f6180000,0x00000000f6180000,0x00000000f8880000)
 ParOldGen       total 151552K, used 48225K [0x00000000c0000000, 0x00000000c9400000, 0x00000000eab00000)
  object space 151552K, 31% used [0x00000000c0000000,0x00000000c2f18430,0x00000000c9400000)
 Metaspace       used 72207K, capacity 74710K, committed 75480K, reserved 1114112K
  class space    used 9505K, capacity 10046K, committed 10240K, reserved 1048576K
Event: 131.779 GC heap after
Heap after GC invocations=21 (full 4):
 PSYoungGen      total 226816K, used 150K [0x00000000eab00000, 0x00000000fcf80000, 0x0000000100000000)
  eden space 186880K, 0% used [0x00000000eab00000,0x00000000eab00000,0x00000000f6180000)
  from space 39936K, 0% used [0x00000000f6180000,0x00000000f61a5890,0x00000000f8880000)
  to   space 39936K, 0% used [0x00000000fa880000,0x00000000fa880000,0x00000000fcf80000)
 ParOldGen       total 151552K, used 48233K [0x00000000c0000000, 0x00000000c9400000, 0x00000000eab00000)
  object space 151552K, 31% used [0x00000000c0000000,0x00000000c2f1a430,0x00000000c9400000)
 Metaspace       used 72207K, capacity 74710K, committed 75480K, reserved 1114112K
  class space    used 9505K, capacity 10046K, committed 10240K, reserved 1048576K
}
Event: 472.186 GC heap before
{Heap before GC invocations=22 (full 4):
 PSYoungGen      total 226816K, used 187030K [0x00000000eab00000, 0x00000000fcf80000, 0x0000000100000000)
  eden space 186880K, 100% used [0x00000000eab00000,0x00000000f6180000,0x00000000f6180000)
  from space 39936K, 0% used [0x00000000f6180000,0x00000000f61a5890,0x00000000f8880000)
  to   space 39936K, 0% used [0x00000000fa880000,0x00000000fa880000,0x00000000fcf80000)
 ParOldGen       total 151552K, used 48233K [0x00000000c0000000, 0x00000000c9400000, 0x00000000eab00000)
  object space 151552K, 31% used [0x00000000c0000000,0x00000000c2f1a430,0x00000000c9400000)
 Metaspace       used 76036K, capacity 78840K, committed 79064K, reserved 1118208K
  class space    used 9848K, capacity 10463K, committed 10496K, reserved 1048576K
Event: 472.224 GC heap after
Heap after GC invocations=22 (full 4):
 PSYoungGen      total 246272K, used 8186K [0x00000000eab00000, 0x00000000fc780000, 0x0000000100000000)
  eden space 214528K, 0% used [0x00000000eab00000,0x00000000eab00000,0x00000000f7c80000)
  from space 31744K, 25% used [0x00000000fa880000,0x00000000fb07e8b0,0x00000000fc780000)
  to   space 38400K, 0% used [0x00000000f7c80000,0x00000000f7c80000,0x00000000fa200000)
 ParOldGen       total 151552K, used 48241K [0x00000000c0000000, 0x00000000c9400000, 0x00000000eab00000)
  object space 151552K, 31% used [0x00000000c0000000,0x00000000c2f1c430,0x00000000c9400000)
 Metaspace       used 76036K, capacity 78840K, committed 79064K, reserved 1118208K
  class space    used 9848K, capacity 10463K, committed 10496K, reserved 1048576K
}

