# JRE version: OpenJDK Runtime Environment (8.0_152-b02) (build 1.8.0_152-release-1024-b02)
# Java VM: OpenJDK 64-Bit Server VM (25.152-b02 mixed mode windows-amd64 compressed oops)
Heap:
 PSYoungGen      total 158208K, used 124561K [0x00000000eab00000, 0x00000000f7d80000, 0x0000000100000000)
  eden space 144896K, 80% used [0x00000000eab00000,0x00000000f1cc07a0,0x00000000f3880000)
  from space 13312K, 60% used [0x00000000f3880000,0x00000000f4063fa0,0x00000000f4580000)
  to   space 13312K, 0% used [0x00000000f7080000,0x00000000f7080000,0x00000000f7d80000)
 ParOldGen       total 54272K, used 27148K [0x00000000c0000000, 0x00000000c3500000, 0x00000000eab00000)
  object space 54272K, 50% used [0x00000000c0000000,0x00000000c1a832f0,0x00000000c3500000)
 Metaspace       used 55410K, capacity 57068K, committed 57344K, reserved 1099776K
  class space    used 7492K, capacity 7891K, committed 7936K, reserved 1048576K
GC Heap History (10 events):
Event: 22.122 GC heap before
{Heap before GC invocations=9 (full 1):
 PSYoungGen      total 72192K, used 64512K [0x00000000eab00000, 0x00000000f3900000, 0x0000000100000000)
  eden space 64512K, 100% used [0x00000000eab00000,0x00000000eea00000,0x00000000eea00000)
  from space 7680K, 0% used [0x00000000eea00000,0x00000000eea00000,0x00000000ef180000)
  to   space 8192K, 0% used [0x00000000f3100000,0x00000000f3100000,0x00000000f3900000)
 ParOldGen       total 32768K, used 7827K [0x00000000c0000000, 0x00000000c2000000, 0x00000000eab00000)
  object space 32768K, 23% used [0x00000000c0000000,0x00000000c07a4e78,0x00000000c2000000)
 Metaspace       used 26585K, capacity 27120K, committed 27136K, reserved 1073152K
  class space    used 3669K, capacity 3829K, committed 3840K, reserved 1048576K
Event: 22.168 GC heap after
Heap after GC invocations=9 (full 1):
 PSYoungGen      total 114688K, used 7241K [0x00000000eab00000, 0x00000000f3880000, 0x0000000100000000)
  eden space 107008K, 0% used [0x00000000eab00000,0x00000000eab00000,0x00000000f1380000)
  from space 7680K, 94% used [0x00000000f3100000,0x00000000f3812468,0x00000000f3880000)
  to   space 8704K, 0% used [0x00000000f2780000,0x00000000f2780000,0x00000000f3000000)
 ParOldGen       total 32768K, used 7827K [0x00000000c0000000, 0x00000000c2000000, 0x00000000eab00000)
  object space 32768K, 23% used [0x00000000c0000000,0x00000000c07a4e78,0x00000000c2000000)
 Metaspace       used 26585K, capacity 27120K, committed 27136K, reserved 1073152K
  class space    used 3669K, capacity 3829K, committed 3840K, reserved 1048576K
}
Event: 33.956 GC heap before
{Heap before GC invocations=10 (full 1):
 PSYoungGen      total 114688K, used 96142K [0x00000000eab00000, 0x00000000f3880000, 0x0000000100000000)
  eden space 107008K, 83% used [0x00000000eab00000,0x00000000f01d13e0,0x00000000f1380000)
  from space 7680K, 94% used [0x00000000f3100000,0x00000000f3812468,0x00000000f3880000)
  to   space 8704K, 0% used [0x00000000f2780000,0x00000000f2780000,0x00000000f3000000)
 ParOldGen       total 32768K, used 7827K [0x00000000c0000000, 0x00000000c2000000, 0x00000000eab00000)
  object space 32768K, 23% used [0x00000000c0000000,0x00000000c07a4e78,0x00000000c2000000)
 Metaspace       used 34724K, capacity 35246K, committed 35416K, reserved 1079296K
  class space    used 4782K, capacity 4967K, committed 4992K, reserved 1048576K
Event: 34.004 GC heap after
Heap after GC invocations=10 (full 1):
 PSYoungGen      total 136192K, used 8702K [0x00000000eab00000, 0x00000000f5100000, 0x0000000100000000)
  eden space 127488K, 0% used [0x00000000eab00000,0x00000000eab00000,0x00000000f2780000)
  from space 8704K, 99% used [0x00000000f2780000,0x00000000f2fff860,0x00000000f3000000)
  to   space 11776K, 0% used [0x00000000f4580000,0x00000000f4580000,0x00000000f5100000)
 ParOldGen       total 32768K, used 11918K [0x00000000c0000000, 0x00000000c2000000, 0x00000000eab00000)
  object space 32768K, 36% used [0x00000000c0000000,0x00000000c0ba3a18,0x00000000c2000000)
 Metaspace       used 34724K, capacity 35246K, committed 35416K, reserved 1079296K
  class space    used 4782K, capacity 4967K, committed 4992K, reserved 1048576K
}
Event: 34.004 GC heap before
{Heap before GC invocations=11 (full 2):
 PSYoungGen      total 136192K, used 8702K [0x00000000eab00000, 0x00000000f5100000, 0x0000000100000000)
  eden space 127488K, 0% used [0x00000000eab00000,0x00000000eab00000,0x00000000f2780000)
  from space 8704K, 99% used [0x00000000f2780000,0x00000000f2fff860,0x00000000f3000000)
  to   space 11776K, 0% used [0x00000000f4580000,0x00000000f4580000,0x00000000f5100000)
 ParOldGen       total 32768K, used 11918K [0x00000000c0000000, 0x00000000c2000000, 0x00000000eab00000)
  object space 32768K, 36% used [0x00000000c0000000,0x00000000c0ba3a18,0x00000000c2000000)
 Metaspace       used 34724K, capacity 35246K, committed 35416K, reserved 1079296K
  class space    used 4782K, capacity 4967K, committed 4992K, reserved 1048576K
Event: 34.200 GC heap after
Heap after GC invocations=11 (full 2):
 PSYoungGen      total 136192K, used 0K [0x00000000eab00000, 0x00000000f5100000, 0x0000000100000000)
  eden space 127488K, 0% used [0x00000000eab00000,0x00000000eab00000,0x00000000f2780000)
  from space 8704K, 0% used [0x00000000f2780000,0x00000000f2780000,0x00000000f3000000)
  to   space 11776K, 0% used [0x00000000f4580000,0x00000000f4580000,0x00000000f5100000)
 ParOldGen       total 54272K, used 19161K [0x00000000c0000000, 0x00000000c3500000, 0x00000000eab00000)
  object space 54272K, 35% used [0x00000000c0000000,0x00000000c12b6498,0x00000000c3500000)
 Metaspace       used 34724K, capacity 35246K, committed 35416K, reserved 1079296K
  class space    used 4782K, capacity 4967K, committed 4992K, reserved 1048576K
}
Event: 43.314 GC heap before
{Heap before GC invocations=12 (full 2):
 PSYoungGen      total 136192K, used 127488K [0x00000000eab00000, 0x00000000f5100000, 0x0000000100000000)
  eden space 127488K, 100% used [0x00000000eab00000,0x00000000f2780000,0x00000000f2780000)
  from space 8704K, 0% used [0x00000000f2780000,0x00000000f2780000,0x00000000f3000000)
  to   space 11776K, 0% used [0x00000000f4580000,0x00000000f4580000,0x00000000f5100000)
 ParOldGen       total 54272K, used 19161K [0x00000000c0000000, 0x00000000c3500000, 0x00000000eab00000)
  object space 54272K, 35% used [0x00000000c0000000,0x00000000c12b6498,0x00000000c3500000)
 Metaspace       used 41314K, capacity 42220K, committed 42368K, reserved 1085440K
  class space    used 5639K, capacity 5901K, committed 6016K, reserved 1048576K
Event: 43.365 GC heap after
Heap after GC invocations=12 (full 2):
 PSYoungGen      total 156672K, used 11771K [0x00000000eab00000, 0x00000000f6a00000, 0x0000000100000000)
  eden space 144896K, 0% used [0x00000000eab00000,0x00000000eab00000,0x00000000f3880000)
  from space 11776K, 99% used [0x00000000f4580000,0x00000000f50fef00,0x00000000f5100000)
  to   space 13312K, 0% used [0x00000000f3880000,0x00000000f3880000,0x00000000f4580000)
 ParOldGen       total 54272K, used 19592K [0x00000000c0000000, 0x00000000c3500000, 0x00000000eab00000)
  object space 54272K, 36% used [0x00000000c0000000,0x00000000c13223f8,0x00000000c3500000)
 Metaspace       used 41314K, capacity 42220K, committed 42368K, reserved 1085440K
  class space    used 5639K, capacity 5901K, committed 6016K, reserved 1048576K
}
Event: 56.298 GC heap before
{Heap before GC invocations=13 (full 2):
 PSYoungGen      total 156672K, used 156667K [0x00000000eab00000, 0x00000000f6a00000, 0x0000000100000000)
  eden space 144896K, 100% used [0x00000000eab00000,0x00000000f3880000,0x00000000f3880000)
  from space 11776K, 99% used [0x00000000f4580000,0x00000000f50fef00,0x00000000f5100000)
  to   space 13312K, 0% used [0x00000000f3880000,0x00000000f3880000,0x00000000f4580000)
 ParOldGen       total 54272K, used 19592K [0x00000000c0000000, 0x00000000c3500000, 0x00000000eab00000)
  object space 54272K, 36% used [0x00000000c0000000,0x00000000c13223f8,0x00000000c3500000)
 Metaspace       used 49827K, capacity 51214K, committed 51456K, reserved 1093632K
  class space    used 6800K, capacity 7154K, committed 7168K, reserved 1048576K
Event: 56.375 GC heap after
Heap after GC invocations=13 (full 2):
 PSYoungGen      total 158208K, used 8079K [0x00000000eab00000, 0x00000000f7d80000, 0x0000000100000000)
  eden space 144896K, 0% used [0x00000000eab00000,0x00000000eab00000,0x00000000f3880000)
  from space 13312K, 60% used [0x00000000f3880000,0x00000000f4063fa0,0x00000000f4580000)
  to   space 13312K, 0% used [0x00000000f7080000,0x00000000f7080000,0x00000000f7d80000)
 ParOldGen       total 54272K, used 27148K [0x00000000c0000000, 0x00000000c3500000, 0x00000000eab00000)
  object space 54272K, 50% used [0x00000000c0000000,0x00000000c1a832f0,0x00000000c3500000)
 Metaspace       used 49827K, capacity 51214K, committed 51456K, reserved 1093632K
  class space    used 6800K, capacity 7154K, committed 7168K, reserved 1048576K
}

